;  LST file generated by mikroListExporter - v.2.0 
; Date/Time: 01/12/2021 22:04:14
;----------------------------------------------

;Address Opcode 	ASM
0x0000	0x2A7F      	GOTO       639
_interrupt:
0x0004	0x00FF      	MOVWF      R15
0x0005	0x0E03      	SWAPF      STATUS, 0
0x0006	0x0183      	CLRF       STATUS
0x0007	0x00BC      	MOVWF      ___saveSTATUS
0x0008	0x080A      	MOVF       PCLATH, 0
0x0009	0x00BD      	MOVWF      ___savePCLATH
0x000A	0x018A      	CLRF       PCLATH
0x000B	0x0870      	MOVF       R0, 0
0x000C	0x00A3      	MOVWF      35
0x000D	0x087C      	MOVF       R12, 0
0x000E	0x00A2      	MOVWF      34
0x000F	0x087D      	MOVF       R13, 0
0x0010	0x00A1      	MOVWF      33
;Termometro_Finalizado.c,25 :: 		void interrupt()
;Termometro_Finalizado.c,27 :: 		if(INTCON.TMR0IF==1) //tratamento do timer0
0x0011	0x1D0B      	BTFSS      INTCON, 2
0x0012	0x2818      	GOTO       L_interrupt2
;Termometro_Finalizado.c,29 :: 		TMR0 = 6;
0x0013	0x3006      	MOVLW      6
0x0014	0x0081      	MOVWF      TMR0
;Termometro_Finalizado.c,30 :: 		PORTC.RC7 = ~PORTC.RC7;
0x0015	0x3080      	MOVLW      128
0x0016	0x0687      	XORWF      PORTC, 1
;Termometro_Finalizado.c,31 :: 		INTCON.TMR0IF = 0;
0x0017	0x110B      	BCF        INTCON, 2
;Termometro_Finalizado.c,32 :: 		}
L_interrupt2:
;Termometro_Finalizado.c,34 :: 		if (INTCON.INTF==1 && trava==0) //tratamento da interrupção rbo
0x0018	0x1C8B      	BTFSS      INTCON, 1
0x0019	0x2833      	GOTO       L_interrupt5
0x001A	0x3000      	MOVLW      0
0x001B	0x0625      	XORWF      _trava+1, 0
0x001C	0x1D03      	BTFSS      STATUS, 2
0x001D	0x2820      	GOTO       L__interrupt39
0x001E	0x3000      	MOVLW      0
0x001F	0x0624      	XORWF      _trava, 0
L__interrupt39:
0x0020	0x1D03      	BTFSS      STATUS, 2
0x0021	0x2833      	GOTO       L_interrupt5
L__interrupt30:
;Termometro_Finalizado.c,36 :: 		INTCON.TMR0IE=~INTCON.TMR0IE;
0x0022	0x3020      	MOVLW      32
0x0023	0x068B      	XORWF      INTCON, 1
;Termometro_Finalizado.c,37 :: 		PORTD.RC7 = 0;
0x0024	0x1388      	BCF        PORTD, 7
;Termometro_Finalizado.c,38 :: 		trava=1;
0x0025	0x3001      	MOVLW      1
0x0026	0x00A4      	MOVWF      _trava
0x0027	0x3000      	MOVLW      0
0x0028	0x00A5      	MOVWF      _trava+1
;Termometro_Finalizado.c,39 :: 		delay_us(500);
0x0029	0x3002      	MOVLW      2
0x002A	0x00FC      	MOVWF      R12
0x002B	0x304B      	MOVLW      75
0x002C	0x00FD      	MOVWF      R13
L_interrupt6:
0x002D	0x0BFD      	DECFSZ     R13, 1
0x002E	0x282D      	GOTO       L_interrupt6
0x002F	0x0BFC      	DECFSZ     R12, 1
0x0030	0x282D      	GOTO       L_interrupt6
;Termometro_Finalizado.c,40 :: 		INTCON.INTF = 0;
0x0031	0x108B      	BCF        INTCON, 1
;Termometro_Finalizado.c,41 :: 		}
0x0032	0x283D      	GOTO       L_interrupt7
L_interrupt5:
;Termometro_Finalizado.c,44 :: 		trava=0;
0x0033	0x01A4      	CLRF       _trava
0x0034	0x01A5      	CLRF       _trava+1
;Termometro_Finalizado.c,45 :: 		delay_us(500);
0x0035	0x3002      	MOVLW      2
0x0036	0x00FC      	MOVWF      R12
0x0037	0x304B      	MOVLW      75
0x0038	0x00FD      	MOVWF      R13
L_interrupt8:
0x0039	0x0BFD      	DECFSZ     R13, 1
0x003A	0x2839      	GOTO       L_interrupt8
0x003B	0x0BFC      	DECFSZ     R12, 1
0x003C	0x2839      	GOTO       L_interrupt8
;Termometro_Finalizado.c,46 :: 		}
L_interrupt7:
;Termometro_Finalizado.c,47 :: 		}
L_end_interrupt:
L__interrupt38:
0x003D	0x0823      	MOVF       35, 0
0x003E	0x00F0      	MOVWF      R0
0x003F	0x0822      	MOVF       34, 0
0x0040	0x00FC      	MOVWF      R12
0x0041	0x0821      	MOVF       33, 0
0x0042	0x00FD      	MOVWF      R13
0x0043	0x083D      	MOVF       ___savePCLATH, 0
0x0044	0x008A      	MOVWF      PCLATH
0x0045	0x0E3C      	SWAPF      ___saveSTATUS, 0
0x0046	0x0083      	MOVWF      STATUS
0x0047	0x0EFF      	SWAPF      R15, 1
0x0048	0x0E7F      	SWAPF      R15, 0
0x0049	0x0009      	RETFIE
; end of _interrupt
_RES032:
;__Lib_MathDouble.c,123 :: 		
;__Lib_MathDouble.c,128 :: 		
0x004A	0x01F2      	CLRF       R2
;__Lib_MathDouble.c,129 :: 		
0x004B	0x01F1      	CLRF       R1
;__Lib_MathDouble.c,130 :: 		
0x004C	0x01F0      	CLRF       R0
;__Lib_MathDouble.c,131 :: 		
0x004D	0x01F8      	CLRF       R8
;__Lib_MathDouble.c,132 :: 		
0x004E	0x01F3      	CLRF       R3
;__Lib_MathDouble.c,133 :: 		
0x004F	0x3000      	MOVLW      0
;__Lib_MathDouble.c,135 :: 		
L_end_RES032:
0x0050	0x0008      	RETURN
; end of _RES032
_SETFUN32:
;__Lib_MathDouble.c,138 :: 		
;__Lib_MathDouble.c,145 :: 		
0x0051	0x157B      	BSF        R11, 2
;__Lib_MathDouble.c,146 :: 		
0x0052	0x1FFB      	BTFSS      R11, 7
;__Lib_MathDouble.c,147 :: 		
0x0053	0x285B      	GOTO       SETFUN32EEE
;__Lib_MathDouble.c,148 :: 		
0x0054	0x3001      	MOVLW      1
;__Lib_MathDouble.c,149 :: 		
0x0055	0x00F3      	MOVWF      R3
;__Lib_MathDouble.c,150 :: 		
0x0056	0x01F2      	CLRF       R2
;__Lib_MathDouble.c,151 :: 		
0x0057	0x01F1      	CLRF       R1
;__Lib_MathDouble.c,152 :: 		
0x0058	0x01F0      	CLRF       R0
;__Lib_MathDouble.c,153 :: 		
0x0059	0x0DFA      	RLF        R10, 1
;__Lib_MathDouble.c,154 :: 		
0x005A	0x0CF2      	RRF        R2, 1
;__Lib_MathDouble.c,155 :: 		
SETFUN32EEE:
;__Lib_MathDouble.c,156 :: 		
0x005B	0x30FF      	MOVLW      255
;__Lib_MathDouble.c,158 :: 		
L_end_SETFUN32:
0x005C	0x0008      	RETURN
; end of _SETFUN32
_FIXSIGN32:
;__Lib_MathDouble.c,112 :: 		
;__Lib_MathDouble.c,116 :: 		
0x005D	0x1FFA      	BTFSS      R10, 7
;__Lib_MathDouble.c,117 :: 		
0x005E	0x13F2      	BCF        R2, 7
;__Lib_MathDouble.c,118 :: 		
0x005F	0x3000      	MOVLW      0
;__Lib_MathDouble.c,120 :: 		
L_end_FIXSIGN32:
0x0060	0x0008      	RETURN
; end of _FIXSIGN32
_SETIOV3224:
;__Lib_MathDouble.c,1000 :: 		
;__Lib_MathDouble.c,1006 :: 		
0x0061	0x147B      	BSF        R11, 0
;__Lib_MathDouble.c,1007 :: 		
0x0062	0x1FFB      	BTFSS      R11, 7
;__Lib_MathDouble.c,1008 :: 		
0x0063	0x286C      	GOTO       SETIOV3224EEE
;__Lib_MathDouble.c,1010 :: 		
0x0064	0x01F2      	CLRF       R2
;__Lib_MathDouble.c,1011 :: 		
0x0065	0x1FFA      	BTFSS      R10, 7
;__Lib_MathDouble.c,1012 :: 		
0x0066	0x30FF      	MOVLW      255
;__Lib_MathDouble.c,1013 :: 		
0x0067	0x00F2      	MOVWF      R2
;__Lib_MathDouble.c,1014 :: 		
0x0068	0x00F1      	MOVWF      R1
;__Lib_MathDouble.c,1015 :: 		
0x0069	0x00F0      	MOVWF      R0
;__Lib_MathDouble.c,1016 :: 		
0x006A	0x0DFA      	RLF        R10, 1
;__Lib_MathDouble.c,1017 :: 		
0x006B	0x0CF2      	RRF        R2, 1
;__Lib_MathDouble.c,1018 :: 		
SETIOV3224EEE:
;__Lib_MathDouble.c,1019 :: 		
0x006C	0x30FF      	MOVLW      255
;__Lib_MathDouble.c,1021 :: 		
L_end_SETIOV3224:
0x006D	0x0008      	RETURN
; end of _SETIOV3224
_SETFDZ32:
;__Lib_MathDouble.c,102 :: 		
;__Lib_MathDouble.c,105 :: 		
0x006E	0x15FB      	BSF        R11, 3
;__Lib_MathDouble.c,106 :: 		
0x006F	0x30FF      	MOVLW      255
;__Lib_MathDouble.c,108 :: 		
L_end_SETFDZ32:
0x0070	0x0008      	RETURN
; end of _SETFDZ32
_NRM3232:
;__Lib_MathDouble.c,167 :: 		
;__Lib_MathDouble.c,173 :: 		
;__Lib_MathDouble.c,175 :: 		
0x0071	0x01A0      	CLRF       __math_tempbD
;__Lib_MathDouble.c,176 :: 		
0x0072	0x0872      	MOVF       R2, 0
;__Lib_MathDouble.c,177 :: 		
0x0073	0x1D03      	BTFSS      STATUS, 2
;__Lib_MathDouble.c,178 :: 		
0x0074	0x2886      	GOTO       NORM3232
;__Lib_MathDouble.c,179 :: 		
0x0075	0x0871      	MOVF       R1, 0
;__Lib_MathDouble.c,180 :: 		
0x0076	0x00F2      	MOVWF      R2
;__Lib_MathDouble.c,181 :: 		
0x0077	0x0870      	MOVF       R0, 0
;__Lib_MathDouble.c,182 :: 		
0x0078	0x00F1      	MOVWF      R1
;__Lib_MathDouble.c,183 :: 		
0x0079	0x01F0      	CLRF       R0
;__Lib_MathDouble.c,184 :: 		
0x007A	0x15A0      	BSF        __math_tempbD, 3
;__Lib_MathDouble.c,186 :: 		
0x007B	0x0872      	MOVF       R2, 0
;__Lib_MathDouble.c,187 :: 		
0x007C	0x1D03      	BTFSS      STATUS, 2
;__Lib_MathDouble.c,188 :: 		
0x007D	0x2886      	GOTO       NORM3232
;__Lib_MathDouble.c,189 :: 		
0x007E	0x0871      	MOVF       R1, 0
;__Lib_MathDouble.c,190 :: 		
0x007F	0x00F2      	MOVWF      R2
;__Lib_MathDouble.c,191 :: 		
0x0080	0x01F1      	CLRF       R1
;__Lib_MathDouble.c,192 :: 		
0x0081	0x11A0      	BCF        __math_tempbD, 3
;__Lib_MathDouble.c,193 :: 		
0x0082	0x1620      	BSF        __math_tempbD, 4
;__Lib_MathDouble.c,195 :: 		
0x0083	0x0872      	MOVF       R2, 0
;__Lib_MathDouble.c,196 :: 		
0x0084	0x1903      	BTFSC      STATUS, 2
;__Lib_MathDouble.c,197 :: 		
0x0085	0x2894      	GOTO       JPNRES032
;__Lib_MathDouble.c,198 :: 		
NORM3232:
;__Lib_MathDouble.c,199 :: 		
0x0086	0x0820      	MOVF       __math_tempbD, 0
;__Lib_MathDouble.c,200 :: 		
0x0087	0x02F3      	SUBWF      R3, 1
;__Lib_MathDouble.c,201 :: 		
0x0088	0x1D03      	BTFSS      STATUS, 2
;__Lib_MathDouble.c,202 :: 		
0x0089	0x1C03      	BTFSS      STATUS, 0
;__Lib_MathDouble.c,203 :: 		
0x008A	0x2898      	GOTO       JPNSETFUN32
;__Lib_MathDouble.c,204 :: 		
0x008B	0x1003      	BCF        STATUS, 0
;__Lib_MathDouble.c,205 :: 		
NORM3232A:
;__Lib_MathDouble.c,206 :: 		
0x008C	0x1BF2      	BTFSC      R2, 7
;__Lib_MathDouble.c,207 :: 		
0x008D	0x289C      	GOTO       JMPNFIXSIGN32
;__Lib_MathDouble.c,208 :: 		
0x008E	0x0DF0      	RLF        R0, 1
;__Lib_MathDouble.c,209 :: 		
0x008F	0x0DF1      	RLF        R1, 1
;__Lib_MathDouble.c,210 :: 		
0x0090	0x0DF2      	RLF        R2, 1
;__Lib_MathDouble.c,211 :: 		
0x0091	0x0BF3      	DECFSZ     R3, 1
;__Lib_MathDouble.c,212 :: 		
0x0092	0x288C      	GOTO       NORM3232A
;__Lib_MathDouble.c,213 :: 		
0x0093	0x2898      	GOTO       JPNSETFUN32
;__Lib_MathDouble.c,214 :: 		
JPNRES032:
;__Lib_MathDouble.c,215 :: 		
0x0094	0x3001      	MOVLW      1
;__Lib_MathDouble.c,216 :: 		
0x0095	0x00FC      	MOVWF      R12
;__Lib_MathDouble.c,218 :: 		
0x0096	0x204A      	CALL       _RES032
;__Lib_MathDouble.c,220 :: 		
0x0097	0x289F      	GOTO       NORM32EEE
;__Lib_MathDouble.c,221 :: 		
JPNSETFUN32:
;__Lib_MathDouble.c,222 :: 		
0x0098	0x3002      	MOVLW      2
;__Lib_MathDouble.c,223 :: 		
0x0099	0x00FC      	MOVWF      R12
;__Lib_MathDouble.c,225 :: 		
0x009A	0x2051      	CALL       _SETFUN32
;__Lib_MathDouble.c,227 :: 		
0x009B	0x289F      	GOTO       NORM32EEE
;__Lib_MathDouble.c,228 :: 		
JMPNFIXSIGN32:
;__Lib_MathDouble.c,229 :: 		
0x009C	0x3004      	MOVLW      4
;__Lib_MathDouble.c,230 :: 		
0x009D	0x00FC      	MOVWF      R12
;__Lib_MathDouble.c,232 :: 		
0x009E	0x205D      	CALL       _FIXSIGN32
;__Lib_MathDouble.c,234 :: 		
NORM32EEE:
;__Lib_MathDouble.c,236 :: 		
L_end_NRM3232:
0x009F	0x0008      	RETURN
; end of _NRM3232
_SETFOV32:
;__Lib_MathDouble.c,79 :: 		
;__Lib_MathDouble.c,86 :: 		
0x00A0	0x14FB      	BSF        R11, 1
;__Lib_MathDouble.c,87 :: 		
0x00A1	0x1FFB      	BTFSS      R11, 7
;__Lib_MathDouble.c,88 :: 		
0x00A2	0x28AA      	GOTO       SETFOV32EEE
;__Lib_MathDouble.c,89 :: 		
0x00A3	0x30FF      	MOVLW      255
;__Lib_MathDouble.c,90 :: 		
0x00A4	0x00F3      	MOVWF      R3
;__Lib_MathDouble.c,91 :: 		
0x00A5	0x00F2      	MOVWF      R2
;__Lib_MathDouble.c,92 :: 		
0x00A6	0x00F1      	MOVWF      R1
;__Lib_MathDouble.c,93 :: 		
0x00A7	0x00F0      	MOVWF      R0
;__Lib_MathDouble.c,94 :: 		
0x00A8	0x0DFA      	RLF        R10, 1
;__Lib_MathDouble.c,95 :: 		
0x00A9	0x0CF2      	RRF        R2, 1
;__Lib_MathDouble.c,96 :: 		
SETFOV32EEE:
;__Lib_MathDouble.c,97 :: 		
0x00AA	0x30FF      	MOVLW      255
;__Lib_MathDouble.c,99 :: 		
L_end_SETFOV32:
0x00AB	0x0008      	RETURN
; end of _SETFOV32
_Delay_22us:
;__Lib_Delays.c,15 :: 		void Delay_22us() {
;__Lib_Delays.c,16 :: 		Delay_us(22);
0x00AC	0x300E      	MOVLW      14
0x00AD	0x1283      	BCF        STATUS, 5
0x00AE	0x1303      	BCF        STATUS, 6
0x00AF	0x00FD      	MOVWF      R13
L_Delay_22us1:
0x00B0	0x0BFD      	DECFSZ     R13, 1
0x00B1	0x28B0      	GOTO       L_Delay_22us1
0x00B2	0x0000      	NOP
;__Lib_Delays.c,17 :: 		}
L_end_Delay_22us:
0x00B3	0x0008      	RETURN
; end of _Delay_22us
_Div_16X16_U:
;__Lib_Math.c,215 :: 		
;__Lib_Math.c,222 :: 		
0x00B4	0x1283      	BCF        STATUS, 5
;__Lib_Math.c,223 :: 		
0x00B5	0x1303      	BCF        STATUS, 6
;__Lib_Math.c,224 :: 		
0x00B6	0x01F8      	CLRF       R8
;__Lib_Math.c,225 :: 		
0x00B7	0x01F9      	CLRF       R9
;__Lib_Math.c,226 :: 		
0x00B8	0x3010      	MOVLW      16
;__Lib_Math.c,227 :: 		
0x00B9	0x00FC      	MOVWF      R12
;__Lib_Math.c,228 :: 		
0x00BA	0x0D71      	RLF        R1, 0
;__Lib_Math.c,229 :: 		
0x00BB	0x0DF8      	RLF        R8, 1
;__Lib_Math.c,230 :: 		
0x00BC	0x0DF9      	RLF        R9, 1
;__Lib_Math.c,231 :: 		
0x00BD	0x0874      	MOVF       R4, 0
;__Lib_Math.c,232 :: 		
0x00BE	0x02F8      	SUBWF      R8, 1
;__Lib_Math.c,233 :: 		
0x00BF	0x0875      	MOVF       R5, 0
;__Lib_Math.c,234 :: 		
0x00C0	0x1C03      	BTFSS      STATUS, 0
;__Lib_Math.c,235 :: 		
0x00C1	0x0F75      	INCFSZ     R5, 0
;__Lib_Math.c,236 :: 		
0x00C2	0x02F9      	SUBWF      R9, 1
;__Lib_Math.c,237 :: 		
0x00C3	0x1803      	BTFSC      STATUS, 0
;__Lib_Math.c,238 :: 		
0x00C4	0x28CC      	GOTO       $+8
;__Lib_Math.c,239 :: 		
0x00C5	0x0874      	MOVF       R4, 0
;__Lib_Math.c,240 :: 		
0x00C6	0x07F8      	ADDWF      R8, 1
;__Lib_Math.c,241 :: 		
0x00C7	0x0875      	MOVF       R5, 0
;__Lib_Math.c,242 :: 		
0x00C8	0x1803      	BTFSC      STATUS, 0
;__Lib_Math.c,243 :: 		
0x00C9	0x0F75      	INCFSZ     R5, 0
;__Lib_Math.c,244 :: 		
0x00CA	0x07F9      	ADDWF      R9, 1
;__Lib_Math.c,245 :: 		
0x00CB	0x1003      	BCF        STATUS, 0
;__Lib_Math.c,246 :: 		
0x00CC	0x0DF0      	RLF        R0, 1
;__Lib_Math.c,247 :: 		
0x00CD	0x0DF1      	RLF        R1, 1
;__Lib_Math.c,248 :: 		
0x00CE	0x0BFC      	DECFSZ     R12, 1
;__Lib_Math.c,249 :: 		
0x00CF	0x28BA      	GOTO       $-21
;__Lib_Math.c,251 :: 		
L_end_Div_16X16_U:
0x00D0	0x0008      	RETURN
; end of _Div_16X16_U
_____DoICP:
;__Lib_System.c,6 :: 		
;__Lib_System.c,9 :: 		
0x00D1	0x1283      	BCF        STATUS, 5
0x00D2	0x1303      	BCF        STATUS, 6
0x00D3	0x0832      	MOVF       ___DoICPAddr+1, 0
0x00D4	0x008A      	MOVWF      PCLATH
;__Lib_System.c,10 :: 		
0x00D5	0x0831      	MOVF       ___DoICPAddr, 0
0x00D6	0x0082      	MOVWF      PCL
;__Lib_System.c,12 :: 		
L_end_____DoICP:
0x00D7	0x0008      	RETURN
; end of _____DoICP
_double2word:
;__Lib_MathDouble.c,1529 :: 		
;__Lib_MathDouble.c,1536 :: 		
0x00D8	0x1283      	BCF        STATUS, 5
;__Lib_MathDouble.c,1537 :: 		
0x00D9	0x1303      	BCF        STATUS, 6
;__Lib_MathDouble.c,1539 :: 		
0x00DA	0x01FB      	CLRF       R11
;__Lib_MathDouble.c,1540 :: 		
0x00DB	0x01FC      	CLRF       R12
;__Lib_MathDouble.c,1541 :: 		
0x00DC	0x01FA      	CLRF       R10
;__Lib_MathDouble.c,1543 :: 		
0x00DD	0x0873      	MOVF       R3, 0
;__Lib_MathDouble.c,1544 :: 		
0x00DE	0x1903      	BTFSC      STATUS, 2
;__Lib_MathDouble.c,1545 :: 		
0x00DF	0x2917      	GOTO       IRES016U
;__Lib_MathDouble.c,1547 :: 		
0x00E0	0x17F2      	BSF        R2, 7
;__Lib_MathDouble.c,1549 :: 		
0x00E1	0x308E      	MOVLW      142
;__Lib_MathDouble.c,1550 :: 		
0x00E2	0x02F3      	SUBWF      R3, 1
;__Lib_MathDouble.c,1551 :: 		
0x00E3	0x1BF3      	BTFSC      R3, 7
;__Lib_MathDouble.c,1552 :: 		
0x00E4	0x28E8      	GOTO       SETEXP16U
;__Lib_MathDouble.c,1553 :: 		
0x00E5	0x1903      	BTFSC      STATUS, 2
;__Lib_MathDouble.c,1554 :: 		
0x00E6	0x28E8      	GOTO       SETEXP16U
;__Lib_MathDouble.c,1555 :: 		
0x00E7	0x291A      	GOTO       SETIOV16U
;__Lib_MathDouble.c,1556 :: 		
SETEXP16U:
;__Lib_MathDouble.c,1557 :: 		
0x00E8	0x09F3      	COMF       R3, 1
;__Lib_MathDouble.c,1558 :: 		
0x00E9	0x0AF3      	INCF       R3, 1
;__Lib_MathDouble.c,1560 :: 		
0x00EA	0x3008      	MOVLW      8
;__Lib_MathDouble.c,1561 :: 		
0x00EB	0x0273      	SUBWF      R3, 0
;__Lib_MathDouble.c,1562 :: 		
0x00EC	0x1C03      	BTFSS      STATUS, 0
;__Lib_MathDouble.c,1563 :: 		
0x00ED	0x28FD      	GOTO       TSHIFT3216U
;__Lib_MathDouble.c,1564 :: 		
0x00EE	0x00F3      	MOVWF      R3
;__Lib_MathDouble.c,1565 :: 		
0x00EF	0x0DF1      	RLF        R1, 1
;__Lib_MathDouble.c,1566 :: 		
0x00F0	0x0872      	MOVF       R2, 0
;__Lib_MathDouble.c,1567 :: 		
0x00F1	0x00F1      	MOVWF      R1
;__Lib_MathDouble.c,1568 :: 		
0x00F2	0x01F2      	CLRF       R2
;__Lib_MathDouble.c,1570 :: 		
0x00F3	0x3008      	MOVLW      8
;__Lib_MathDouble.c,1571 :: 		
0x00F4	0x0273      	SUBWF      R3, 0
;__Lib_MathDouble.c,1572 :: 		
0x00F5	0x1C03      	BTFSS      STATUS, 0
;__Lib_MathDouble.c,1573 :: 		
0x00F6	0x28FD      	GOTO       TSHIFT3216U
;__Lib_MathDouble.c,1574 :: 		
0x00F7	0x0DF1      	RLF        R1, 1
;__Lib_MathDouble.c,1575 :: 		
0x00F8	0x01F1      	CLRF       R1
;__Lib_MathDouble.c,1577 :: 		
0x00F9	0x0873      	MOVF       R3, 0
;__Lib_MathDouble.c,1578 :: 		
0x00FA	0x1D03      	BTFSS      STATUS, 2
;__Lib_MathDouble.c,1579 :: 		
0x00FB	0x1003      	BCF        STATUS, 0
;__Lib_MathDouble.c,1580 :: 		
0x00FC	0x2905      	GOTO       SHIFT3216UOK
;__Lib_MathDouble.c,1581 :: 		
TSHIFT3216U:
;__Lib_MathDouble.c,1582 :: 		
0x00FD	0x0873      	MOVF       R3, 0
;__Lib_MathDouble.c,1583 :: 		
0x00FE	0x1903      	BTFSC      STATUS, 2
;__Lib_MathDouble.c,1584 :: 		
0x00FF	0x2905      	GOTO       SHIFT3216UOK
;__Lib_MathDouble.c,1585 :: 		
SHIFT3216U:
;__Lib_MathDouble.c,1586 :: 		
0x0100	0x1003      	BCF        STATUS, 0
;__Lib_MathDouble.c,1587 :: 		
0x0101	0x0CF2      	RRF        R2, 1
;__Lib_MathDouble.c,1588 :: 		
0x0102	0x0CF1      	RRF        R1, 1
;__Lib_MathDouble.c,1589 :: 		
0x0103	0x0BF3      	DECFSZ     R3, 1
;__Lib_MathDouble.c,1590 :: 		
0x0104	0x2900      	GOTO       SHIFT3216U
;__Lib_MathDouble.c,1591 :: 		
SHIFT3216UOK:
;__Lib_MathDouble.c,1592 :: 		
0x0105	0x1B7B      	BTFSC      R11, 6
;__Lib_MathDouble.c,1593 :: 		
0x0106	0x1C71      	BTFSS      R1, 0
;__Lib_MathDouble.c,1594 :: 		
0x0107	0x290F      	GOTO       INT3216UOK
;__Lib_MathDouble.c,1595 :: 		
0x0108	0x1C03      	BTFSS      STATUS, 0
;__Lib_MathDouble.c,1596 :: 		
0x0109	0x290F      	GOTO       INT3216UOK
;__Lib_MathDouble.c,1597 :: 		
0x010A	0x0AF1      	INCF       R1, 1
;__Lib_MathDouble.c,1598 :: 		
0x010B	0x1903      	BTFSC      STATUS, 2
;__Lib_MathDouble.c,1599 :: 		
0x010C	0x0AF2      	INCF       R2, 1
;__Lib_MathDouble.c,1600 :: 		
0x010D	0x1BF2      	BTFSC      R2, 7
;__Lib_MathDouble.c,1601 :: 		
0x010E	0x2926      	GOTO       JPKSETIOV3224
;__Lib_MathDouble.c,1602 :: 		
INT3216UOK:
;__Lib_MathDouble.c,1603 :: 		
0x010F	0x1FFA      	BTFSS      R10, 7
;__Lib_MathDouble.c,1604 :: 		
0x0110	0x2929      	GOTO       INT3216UEOK
;__Lib_MathDouble.c,1606 :: 		
0x0111	0x09F2      	COMF       R2, 1
;__Lib_MathDouble.c,1607 :: 		
0x0112	0x09F1      	COMF       R1, 1
;__Lib_MathDouble.c,1608 :: 		
0x0113	0x0AF1      	INCF       R1, 1
;__Lib_MathDouble.c,1609 :: 		
0x0114	0x1903      	BTFSC      STATUS, 2
;__Lib_MathDouble.c,1610 :: 		
0x0115	0x0AF2      	INCF       R2, 1
;__Lib_MathDouble.c,1611 :: 		
0x0116	0x2929      	GOTO       INT3216UEOK
;__Lib_MathDouble.c,1613 :: 		
IRES016U:
;__Lib_MathDouble.c,1614 :: 		
0x0117	0x01F2      	CLRF       R2
;__Lib_MathDouble.c,1615 :: 		
0x0118	0x01F1      	CLRF       R1
;__Lib_MathDouble.c,1616 :: 		
0x0119	0x2929      	GOTO       INT3216UEOK
;__Lib_MathDouble.c,1617 :: 		
SETIOV16U:
;__Lib_MathDouble.c,1618 :: 		
0x011A	0x147B      	BSF        R11, 0
;__Lib_MathDouble.c,1619 :: 		
0x011B	0x1FFB      	BTFSS      R11, 7
;__Lib_MathDouble.c,1620 :: 		
0x011C	0x292C      	GOTO       INT3216UEER
;__Lib_MathDouble.c,1622 :: 		
0x011D	0x01F2      	CLRF       R2
;__Lib_MathDouble.c,1623 :: 		
0x011E	0x1FFA      	BTFSS      R10, 7
;__Lib_MathDouble.c,1624 :: 		
0x011F	0x292C      	GOTO       INT3216UEER
;__Lib_MathDouble.c,1625 :: 		
0x0120	0x30FF      	MOVLW      255
;__Lib_MathDouble.c,1626 :: 		
0x0121	0x00F2      	MOVWF      R2
;__Lib_MathDouble.c,1627 :: 		
0x0122	0x00F1      	MOVWF      R1
;__Lib_MathDouble.c,1628 :: 		
0x0123	0x0DFA      	RLF        R10, 1
;__Lib_MathDouble.c,1629 :: 		
0x0124	0x0CF2      	RRF        R2, 1
;__Lib_MathDouble.c,1630 :: 		
0x0125	0x292C      	GOTO       INT3216UEER
;__Lib_MathDouble.c,1632 :: 		
JPKSETIOV3224:
;__Lib_MathDouble.c,1633 :: 		
0x0126	0x3001      	MOVLW      1
;__Lib_MathDouble.c,1634 :: 		
0x0127	0x00FC      	MOVWF      R12
;__Lib_MathDouble.c,1635 :: 		
0x0128	0x292E      	GOTO       INT3216UEEE
;__Lib_MathDouble.c,1636 :: 		
INT3216UEOK:
;__Lib_MathDouble.c,1637 :: 		
0x0129	0x3000      	MOVLW      0
;__Lib_MathDouble.c,1638 :: 		
0x012A	0x00FC      	MOVWF      R12
;__Lib_MathDouble.c,1639 :: 		
0x012B	0x292E      	GOTO       INT3216UEEE
;__Lib_MathDouble.c,1640 :: 		
INT3216UEER:
;__Lib_MathDouble.c,1641 :: 		
0x012C	0x30FF      	MOVLW      255
;__Lib_MathDouble.c,1642 :: 		
0x012D	0x00FC      	MOVWF      R12
;__Lib_MathDouble.c,1643 :: 		
INT3216UEEE:
;__Lib_MathDouble.c,1646 :: 		
0x012E	0x08FC      	MOVF       R12, 1
;__Lib_MathDouble.c,1648 :: 		
0x012F	0x1903      	BTFSC      STATUS, 2
;__Lib_MathDouble.c,1649 :: 		
0x0130	0x2932      	GOTO       L_Double2Word_0
;__Lib_MathDouble.c,1651 :: 		
0x0131	0x2061      	CALL       _SETIOV3224
;__Lib_MathDouble.c,1653 :: 		
L_Double2Word_0:
;__Lib_MathDouble.c,1654 :: 		
0x0132	0x0871      	MOVF       R1, 0
;__Lib_MathDouble.c,1655 :: 		
0x0133	0x00F0      	MOVWF      R0
;__Lib_MathDouble.c,1656 :: 		
0x0134	0x0872      	MOVF       R2, 0
;__Lib_MathDouble.c,1657 :: 		
0x0135	0x00F1      	MOVWF      R1
;__Lib_MathDouble.c,1660 :: 		
L_end_double2word:
0x0136	0x0008      	RETURN
; end of _double2word
_display_unidade:
;Termometro_Finalizado.c,15 :: 		display_unidade ()
;Termometro_Finalizado.c,17 :: 		PORTC.RC5 = 1;
0x0137	0x1283      	BCF        STATUS, 5
0x0138	0x1303      	BCF        STATUS, 6
0x0139	0x1687      	BSF        PORTC, 5
;Termometro_Finalizado.c,18 :: 		uni = (x%10);
0x013A	0x300A      	MOVLW      10
0x013B	0x00F4      	MOVWF      R4
0x013C	0x3000      	MOVLW      0
0x013D	0x00F5      	MOVWF      R4+1
0x013E	0x083A      	MOVF       _x, 0
0x013F	0x00F0      	MOVWF      R0
0x0140	0x083B      	MOVF       _x+1, 0
0x0141	0x00F1      	MOVWF      R0+1
0x0142	0x20B4      	CALL       _Div_16X16_U
0x0143	0x0878      	MOVF       R8, 0
0x0144	0x00F0      	MOVWF      R0
0x0145	0x0879      	MOVF       R8+1, 0
0x0146	0x00F1      	MOVWF      R0+1
0x0147	0x0870      	MOVF       R0, 0
0x0148	0x00B3      	MOVWF      _uni
0x0149	0x0871      	MOVF       R0+1, 0
0x014A	0x00B4      	MOVWF      _uni+1
;Termometro_Finalizado.c,19 :: 		PORTD = Texto[uni];
0x014B	0x0870      	MOVF       R0, 0
0x014C	0x3E26      	ADDLW      _Texto
0x014D	0x0084      	MOVWF      FSR
0x014E	0x0800      	MOVF       INDF, 0
0x014F	0x0088      	MOVWF      PORTD
;Termometro_Finalizado.c,20 :: 		delay_ms(10);
0x0150	0x301A      	MOVLW      26
0x0151	0x00FC      	MOVWF      R12
0x0152	0x30F8      	MOVLW      248
0x0153	0x00FD      	MOVWF      R13
L_display_unidade1:
0x0154	0x0BFD      	DECFSZ     R13, 1
0x0155	0x2954      	GOTO       L_display_unidade1
0x0156	0x0BFC      	DECFSZ     R12, 1
0x0157	0x2954      	GOTO       L_display_unidade1
0x0158	0x0000      	NOP
;Termometro_Finalizado.c,21 :: 		PORTC.RC5 = 0;
0x0159	0x1287      	BCF        PORTC, 5
;Termometro_Finalizado.c,22 :: 		PORTD = 0;
0x015A	0x0188      	CLRF       PORTD
;Termometro_Finalizado.c,23 :: 		}
L_end_display_unidade:
0x015B	0x0008      	RETURN
; end of _display_unidade
_display_dezena:
;Termometro_Finalizado.c,5 :: 		display_dezena ()
;Termometro_Finalizado.c,7 :: 		PORTC.RC4 = 1;
0x015C	0x1283      	BCF        STATUS, 5
0x015D	0x1303      	BCF        STATUS, 6
0x015E	0x1607      	BSF        PORTC, 4
;Termometro_Finalizado.c,8 :: 		dez = (x/10);
0x015F	0x300A      	MOVLW      10
0x0160	0x00F4      	MOVWF      R4
0x0161	0x3000      	MOVLW      0
0x0162	0x00F5      	MOVWF      R4+1
0x0163	0x083A      	MOVF       _x, 0
0x0164	0x00F0      	MOVWF      R0
0x0165	0x083B      	MOVF       _x+1, 0
0x0166	0x00F1      	MOVWF      R0+1
0x0167	0x20B4      	CALL       _Div_16X16_U
0x0168	0x0870      	MOVF       R0, 0
0x0169	0x00B8      	MOVWF      _dez
0x016A	0x0871      	MOVF       R0+1, 0
0x016B	0x00B9      	MOVWF      _dez+1
;Termometro_Finalizado.c,9 :: 		PORTD = Texto[dez];
0x016C	0x0870      	MOVF       R0, 0
0x016D	0x3E26      	ADDLW      _Texto
0x016E	0x0084      	MOVWF      FSR
0x016F	0x0800      	MOVF       INDF, 0
0x0170	0x0088      	MOVWF      PORTD
;Termometro_Finalizado.c,10 :: 		delay_ms(5);
0x0171	0x300D      	MOVLW      13
0x0172	0x00FC      	MOVWF      R12
0x0173	0x30FB      	MOVLW      251
0x0174	0x00FD      	MOVWF      R13
L_display_dezena0:
0x0175	0x0BFD      	DECFSZ     R13, 1
0x0176	0x2975      	GOTO       L_display_dezena0
0x0177	0x0BFC      	DECFSZ     R12, 1
0x0178	0x2975      	GOTO       L_display_dezena0
0x0179	0x0000      	NOP
0x017A	0x0000      	NOP
;Termometro_Finalizado.c,11 :: 		PORTC.RC4 = 0;
0x017B	0x1207      	BCF        PORTC, 4
;Termometro_Finalizado.c,12 :: 		PORTD = 0;
0x017C	0x0188      	CLRF       PORTD
;Termometro_Finalizado.c,13 :: 		}
L_end_display_dezena:
0x017D	0x0008      	RETURN
; end of _display_dezena
_Div_32x32_FP:
;__Lib_MathDouble.c,761 :: 		
;__Lib_MathDouble.c,773 :: 		
;__Lib_MathDouble.c,776 :: 		
0x017E	0x1283      	BCF        STATUS, 5
0x017F	0x1303      	BCF        STATUS, 6
0x0180	0x0874      	MOVF       R4, 0
0x0181	0x3A00      	XORLW      0
0x0182	0x1D03      	BTFSS      STATUS, 2
0x0183	0x2999      	GOTO       L_Div_32x32_FP7
;__Lib_MathDouble.c,777 :: 		
0x0184	0x0875      	MOVF       R5, 0
0x0185	0x3A00      	XORLW      0
0x0186	0x1D03      	BTFSS      STATUS, 2
0x0187	0x2999      	GOTO       L_Div_32x32_FP8
;__Lib_MathDouble.c,778 :: 		
0x0188	0x0876      	MOVF       R6, 0
0x0189	0x3A00      	XORLW      0
0x018A	0x1D03      	BTFSS      STATUS, 2
0x018B	0x2999      	GOTO       L_Div_32x32_FP9
;__Lib_MathDouble.c,779 :: 		
0x018C	0x0877      	MOVF       R7, 0
0x018D	0x3A00      	XORLW      0
0x018E	0x1D03      	BTFSS      STATUS, 2
0x018F	0x2999      	GOTO       L_Div_32x32_FP10
;__Lib_MathDouble.c,780 :: 		
0x0190	0x30FF      	MOVLW      255
0x0191	0x00F0      	MOVWF      R0
;__Lib_MathDouble.c,781 :: 		
0x0192	0x30FF      	MOVLW      255
0x0193	0x00F1      	MOVWF      R1
;__Lib_MathDouble.c,782 :: 		
0x0194	0x307F      	MOVLW      127
0x0195	0x00F2      	MOVWF      R2
;__Lib_MathDouble.c,783 :: 		
0x0196	0x30FF      	MOVLW      255
0x0197	0x00F3      	MOVWF      R3
;__Lib_MathDouble.c,784 :: 		
0x0198	0x2A34      	GOTO       L_end_Div_32x32_FP
;__Lib_MathDouble.c,785 :: 		
L_Div_32x32_FP10:
L_Div_32x32_FP9:
L_Div_32x32_FP8:
L_Div_32x32_FP7:
;__Lib_MathDouble.c,788 :: 		
0x0199	0x1283      	BCF        STATUS, 5
;__Lib_MathDouble.c,789 :: 		
0x019A	0x1303      	BCF        STATUS, 6
;__Lib_MathDouble.c,791 :: 		
0x019B	0x0877      	MOVF       R7, 0
;__Lib_MathDouble.c,792 :: 		
0x019C	0x1903      	BTFSC      STATUS, 2
;__Lib_MathDouble.c,793 :: 		
0x019D	0x2A28      	GOTO       JPDSETFDZ32
;__Lib_MathDouble.c,795 :: 		
0x019E	0x0873      	MOVF       R3, 0
;__Lib_MathDouble.c,796 :: 		
0x019F	0x1903      	BTFSC      STATUS, 2
;__Lib_MathDouble.c,797 :: 		
0x01A0	0x2A2B      	GOTO       JPDRES032
;__Lib_MathDouble.c,799 :: 		
0x01A1	0x0872      	MOVF       R2, 0
;__Lib_MathDouble.c,800 :: 		
0x01A2	0x0676      	XORWF      R6, 0
;__Lib_MathDouble.c,801 :: 		
0x01A3	0x3980      	ANDLW      128
;__Lib_MathDouble.c,802 :: 		
0x01A4	0x00FA      	MOVWF      R10
;__Lib_MathDouble.c,803 :: 		
0x01A5	0x17F2      	BSF        R2, 7
;__Lib_MathDouble.c,804 :: 		
0x01A6	0x17F6      	BSF        R6, 7
;__Lib_MathDouble.c,806 :: 		
0x01A7	0x01A0      	CLRF       __math_tempbD
;__Lib_MathDouble.c,807 :: 		
0x01A8	0x0872      	MOVF       R2, 0
;__Lib_MathDouble.c,808 :: 		
0x01A9	0x00F8      	MOVWF      R8
;__Lib_MathDouble.c,809 :: 		
0x01AA	0x0871      	MOVF       R1, 0
;__Lib_MathDouble.c,810 :: 		
0x01AB	0x00FC      	MOVWF      R12
;__Lib_MathDouble.c,811 :: 		
0x01AC	0x0870      	MOVF       R0, 0
;__Lib_MathDouble.c,812 :: 		
0x01AD	0x00FD      	MOVWF      R13
;__Lib_MathDouble.c,814 :: 		
0x01AE	0x0874      	MOVF       R4, 0
;__Lib_MathDouble.c,815 :: 		
0x01AF	0x02FD      	SUBWF      R13, 1
;__Lib_MathDouble.c,816 :: 		
0x01B0	0x0875      	MOVF       R5, 0
;__Lib_MathDouble.c,817 :: 		
0x01B1	0x1C03      	BTFSS      STATUS, 0
;__Lib_MathDouble.c,818 :: 		
0x01B2	0x0F75      	INCFSZ     R5, 0
;__Lib_MathDouble.c,820 :: 		
0x01B3	0x02FC      	SUBWF      R12, 1
;__Lib_MathDouble.c,821 :: 		
0x01B4	0x0876      	MOVF       R6, 0
;__Lib_MathDouble.c,822 :: 		
0x01B5	0x1C03      	BTFSS      STATUS, 0
;__Lib_MathDouble.c,823 :: 		
0x01B6	0x0F76      	INCFSZ     R6, 0
;__Lib_MathDouble.c,825 :: 		
0x01B7	0x02F8      	SUBWF      R8, 1
;__Lib_MathDouble.c,826 :: 		
0x01B8	0x01F8      	CLRF       R8
;__Lib_MathDouble.c,827 :: 		
0x01B9	0x01FC      	CLRF       R12
;__Lib_MathDouble.c,828 :: 		
0x01BA	0x01FD      	CLRF       R13
;__Lib_MathDouble.c,829 :: 		
0x01BB	0x1C03      	BTFSS      STATUS, 0
;__Lib_MathDouble.c,830 :: 		
0x01BC	0x29C4      	GOTO       DALIGN32OK
;__Lib_MathDouble.c,832 :: 		
0x01BD	0x1003      	BCF        STATUS, 0
;__Lib_MathDouble.c,833 :: 		
0x01BE	0x0CF2      	RRF        R2, 1
;__Lib_MathDouble.c,834 :: 		
0x01BF	0x0CF1      	RRF        R1, 1
;__Lib_MathDouble.c,835 :: 		
0x01C0	0x0CF0      	RRF        R0, 1
;__Lib_MathDouble.c,836 :: 		
0x01C1	0x0CF8      	RRF        R8, 1
;__Lib_MathDouble.c,837 :: 		
0x01C2	0x3001      	MOVLW      1
;__Lib_MathDouble.c,838 :: 		
0x01C3	0x00A0      	MOVWF      __math_tempbD
;__Lib_MathDouble.c,839 :: 		
DALIGN32OK:
;__Lib_MathDouble.c,840 :: 		
0x01C4	0x0877      	MOVF       R7, 0
;__Lib_MathDouble.c,841 :: 		
0x01C5	0x02F3      	SUBWF      R3, 1
;__Lib_MathDouble.c,842 :: 		
0x01C6	0x1C03      	BTFSS      STATUS, 0
;__Lib_MathDouble.c,843 :: 		
0x01C7	0x29CE      	GOTO       ALTB32
;__Lib_MathDouble.c,845 :: 		
0x01C8	0x307E      	MOVLW      126
;__Lib_MathDouble.c,846 :: 		
0x01C9	0x0720      	ADDWF      __math_tempbD, 0
;__Lib_MathDouble.c,847 :: 		
0x01CA	0x07F3      	ADDWF      R3, 1
;__Lib_MathDouble.c,848 :: 		
0x01CB	0x1803      	BTFSC      STATUS, 0
;__Lib_MathDouble.c,849 :: 		
0x01CC	0x2A2E      	GOTO       JPDSETFOV32
;__Lib_MathDouble.c,850 :: 		
0x01CD	0x29D3      	GOTO       DARGOK32
;__Lib_MathDouble.c,851 :: 		
ALTB32:
;__Lib_MathDouble.c,852 :: 		
0x01CE	0x307E      	MOVLW      126
;__Lib_MathDouble.c,853 :: 		
0x01CF	0x0720      	ADDWF      __math_tempbD, 0
;__Lib_MathDouble.c,854 :: 		
0x01D0	0x07F3      	ADDWF      R3, 1
;__Lib_MathDouble.c,855 :: 		
0x01D1	0x1C03      	BTFSS      STATUS, 0
;__Lib_MathDouble.c,856 :: 		
0x01D2	0x2A31      	GOTO       JPDSETFUN32
;__Lib_MathDouble.c,857 :: 		
DARGOK32:
;__Lib_MathDouble.c,858 :: 		
0x01D3	0x3018      	MOVLW      24
;__Lib_MathDouble.c,860 :: 		
0x01D4	0x07FA      	ADDWF      R10, 1
;__Lib_MathDouble.c,861 :: 		
DLOOP32:
;__Lib_MathDouble.c,862 :: 		
0x01D5	0x0DFD      	RLF        R13, 1
;__Lib_MathDouble.c,863 :: 		
0x01D6	0x0DFC      	RLF        R12, 1
;__Lib_MathDouble.c,864 :: 		
0x01D7	0x0DF8      	RLF        R8, 1
;__Lib_MathDouble.c,865 :: 		
0x01D8	0x0DF0      	RLF        R0, 1
;__Lib_MathDouble.c,866 :: 		
0x01D9	0x0DF1      	RLF        R1, 1
;__Lib_MathDouble.c,867 :: 		
0x01DA	0x0DF2      	RLF        R2, 1
;__Lib_MathDouble.c,868 :: 		
0x01DB	0x0DA0      	RLF        __math_tempbD, 1
;__Lib_MathDouble.c,870 :: 		
0x01DC	0x0874      	MOVF       R4, 0
;__Lib_MathDouble.c,871 :: 		
0x01DD	0x02F0      	SUBWF      R0, 1
;__Lib_MathDouble.c,872 :: 		
0x01DE	0x0875      	MOVF       R5, 0
;__Lib_MathDouble.c,873 :: 		
0x01DF	0x1C03      	BTFSS      STATUS, 0
;__Lib_MathDouble.c,874 :: 		
0x01E0	0x0F75      	INCFSZ     R5, 0
;__Lib_MathDouble.c,876 :: 		
0x01E1	0x02F1      	SUBWF      R1, 1
;__Lib_MathDouble.c,877 :: 		
0x01E2	0x0876      	MOVF       R6, 0
;__Lib_MathDouble.c,878 :: 		
0x01E3	0x1C03      	BTFSS      STATUS, 0
;__Lib_MathDouble.c,879 :: 		
0x01E4	0x0F76      	INCFSZ     R6, 0
;__Lib_MathDouble.c,881 :: 		
0x01E5	0x02F2      	SUBWF      R2, 1
;__Lib_MathDouble.c,882 :: 		
0x01E6	0x0D76      	RLF        R6, 0
;__Lib_MathDouble.c,883 :: 		
0x01E7	0x04A0      	IORWF      __math_tempbD, 1
;__Lib_MathDouble.c,884 :: 		
0x01E8	0x1C20      	BTFSS      __math_tempbD, 0
;__Lib_MathDouble.c,885 :: 		
0x01E9	0x29EC      	GOTO       DREST32
;__Lib_MathDouble.c,886 :: 		
0x01EA	0x147D      	BSF        R13, 0
;__Lib_MathDouble.c,887 :: 		
0x01EB	0x29F7      	GOTO       DOK32
;__Lib_MathDouble.c,888 :: 		
DREST32:
;__Lib_MathDouble.c,889 :: 		
0x01EC	0x0874      	MOVF       R4, 0
;__Lib_MathDouble.c,890 :: 		
0x01ED	0x07F0      	ADDWF      R0, 1
;__Lib_MathDouble.c,891 :: 		
0x01EE	0x0875      	MOVF       R5, 0
;__Lib_MathDouble.c,892 :: 		
0x01EF	0x1803      	BTFSC      STATUS, 0
;__Lib_MathDouble.c,893 :: 		
0x01F0	0x0F75      	INCFSZ     R5, 0
;__Lib_MathDouble.c,895 :: 		
0x01F1	0x07F1      	ADDWF      R1, 1
;__Lib_MathDouble.c,896 :: 		
0x01F2	0x0876      	MOVF       R6, 0
;__Lib_MathDouble.c,897 :: 		
0x01F3	0x1803      	BTFSC      STATUS, 0
;__Lib_MathDouble.c,898 :: 		
0x01F4	0x0A76      	INCF       R6, 0
;__Lib_MathDouble.c,899 :: 		
0x01F5	0x07F2      	ADDWF      R2, 1
;__Lib_MathDouble.c,900 :: 		
0x01F6	0x107D      	BCF        R13, 0
;__Lib_MathDouble.c,901 :: 		
DOK32:
;__Lib_MathDouble.c,903 :: 		
0x01F7	0x03FA      	DECF       R10, 1
;__Lib_MathDouble.c,904 :: 		
0x01F8	0x301F      	MOVLW      31
;__Lib_MathDouble.c,905 :: 		
0x01F9	0x057A      	ANDWF      R10, 0
;__Lib_MathDouble.c,906 :: 		
0x01FA	0x1D03      	BTFSS      STATUS, 2
;__Lib_MathDouble.c,907 :: 		
0x01FB	0x29D5      	GOTO       DLOOP32
;__Lib_MathDouble.c,909 :: 		
0x01FC	0x1B7B      	BTFSC      R11, 6
;__Lib_MathDouble.c,910 :: 		
0x01FD	0x1C7D      	BTFSS      R13, 0
;__Lib_MathDouble.c,911 :: 		
0x01FE	0x2A1E      	GOTO       DIV32OK
;__Lib_MathDouble.c,912 :: 		
0x01FF	0x1003      	BCF        STATUS, 0
;__Lib_MathDouble.c,913 :: 		
0x0200	0x0DF0      	RLF        R0, 1
;__Lib_MathDouble.c,914 :: 		
0x0201	0x0DF1      	RLF        R1, 1
;__Lib_MathDouble.c,915 :: 		
0x0202	0x0DF2      	RLF        R2, 1
;__Lib_MathDouble.c,916 :: 		
0x0203	0x0DA0      	RLF        __math_tempbD, 1
;__Lib_MathDouble.c,918 :: 		
0x0204	0x0874      	MOVF       R4, 0
;__Lib_MathDouble.c,919 :: 		
0x0205	0x02F0      	SUBWF      R0, 1
;__Lib_MathDouble.c,920 :: 		
0x0206	0x0875      	MOVF       R5, 0
;__Lib_MathDouble.c,921 :: 		
0x0207	0x1C03      	BTFSS      STATUS, 0
;__Lib_MathDouble.c,922 :: 		
0x0208	0x0F75      	INCFSZ     R5, 0
;__Lib_MathDouble.c,923 :: 		
0x0209	0x02F1      	SUBWF      R1, 1
;__Lib_MathDouble.c,924 :: 		
0x020A	0x0876      	MOVF       R6, 0
;__Lib_MathDouble.c,925 :: 		
0x020B	0x1C03      	BTFSS      STATUS, 0
;__Lib_MathDouble.c,926 :: 		
0x020C	0x0F76      	INCFSZ     R6, 0
;__Lib_MathDouble.c,927 :: 		
0x020D	0x02F2      	SUBWF      R2, 1
;__Lib_MathDouble.c,928 :: 		
0x020E	0x0D76      	RLF        R6, 0
;__Lib_MathDouble.c,929 :: 		
0x020F	0x0420      	IORWF      __math_tempbD, 0
;__Lib_MathDouble.c,930 :: 		
0x0210	0x3901      	ANDLW      1
;__Lib_MathDouble.c,931 :: 		
0x0211	0x07FD      	ADDWF      R13, 1
;__Lib_MathDouble.c,932 :: 		
0x0212	0x1803      	BTFSC      STATUS, 0
;__Lib_MathDouble.c,933 :: 		
0x0213	0x0AFC      	INCF       R12, 1
;__Lib_MathDouble.c,934 :: 		
0x0214	0x1903      	BTFSC      STATUS, 2
;__Lib_MathDouble.c,935 :: 		
0x0215	0x0AF8      	INCF       R8, 1
;__Lib_MathDouble.c,936 :: 		
0x0216	0x1D03      	BTFSS      STATUS, 2
;__Lib_MathDouble.c,937 :: 		
0x0217	0x2A1E      	GOTO       DIV32OK
;__Lib_MathDouble.c,938 :: 		
0x0218	0x0CF8      	RRF        R8, 1
;__Lib_MathDouble.c,939 :: 		
0x0219	0x0CFC      	RRF        R12, 1
;__Lib_MathDouble.c,940 :: 		
0x021A	0x0CFD      	RRF        R13, 1
;__Lib_MathDouble.c,941 :: 		
0x021B	0x0AF3      	INCF       R3, 1
;__Lib_MathDouble.c,942 :: 		
0x021C	0x1903      	BTFSC      STATUS, 2
;__Lib_MathDouble.c,943 :: 		
0x021D	0x2A2E      	GOTO       JPDSETFOV32
;__Lib_MathDouble.c,944 :: 		
DIV32OK:
;__Lib_MathDouble.c,945 :: 		
0x021E	0x1FFA      	BTFSS      R10, 7
;__Lib_MathDouble.c,946 :: 		
0x021F	0x13F8      	BCF        R8, 7
;__Lib_MathDouble.c,947 :: 		
0x0220	0x0878      	MOVF       R8, 0
;__Lib_MathDouble.c,948 :: 		
0x0221	0x00F2      	MOVWF      R2
;__Lib_MathDouble.c,949 :: 		
0x0222	0x087C      	MOVF       R12, 0
;__Lib_MathDouble.c,950 :: 		
0x0223	0x00F1      	MOVWF      R1
;__Lib_MathDouble.c,951 :: 		
0x0224	0x087D      	MOVF       R13, 0
;__Lib_MathDouble.c,952 :: 		
0x0225	0x00F0      	MOVWF      R0
;__Lib_MathDouble.c,954 :: 		
0x0226	0x3000      	MOVLW      0
;__Lib_MathDouble.c,956 :: 		
0x0227	0x2A33      	GOTO       DIV32EEE
;__Lib_MathDouble.c,957 :: 		
JPDSETFDZ32:
;__Lib_MathDouble.c,958 :: 		
0x0228	0x3001      	MOVLW      1
;__Lib_MathDouble.c,961 :: 		
0x0229	0x206E      	CALL       _SETFDZ32
;__Lib_MathDouble.c,963 :: 		
0x022A	0x2A33      	GOTO       DIV32EEE
;__Lib_MathDouble.c,964 :: 		
JPDRES032:
;__Lib_MathDouble.c,965 :: 		
0x022B	0x3002      	MOVLW      2
;__Lib_MathDouble.c,968 :: 		
0x022C	0x204A      	CALL       _RES032
;__Lib_MathDouble.c,970 :: 		
0x022D	0x2A33      	GOTO       DIV32EEE
;__Lib_MathDouble.c,971 :: 		
JPDSETFOV32:
;__Lib_MathDouble.c,972 :: 		
0x022E	0x3004      	MOVLW      4
;__Lib_MathDouble.c,975 :: 		
0x022F	0x20A0      	CALL       _SETFOV32
;__Lib_MathDouble.c,977 :: 		
0x0230	0x2A33      	GOTO       DIV32EEE
;__Lib_MathDouble.c,978 :: 		
JPDSETFUN32:
;__Lib_MathDouble.c,979 :: 		
0x0231	0x3008      	MOVLW      8
;__Lib_MathDouble.c,982 :: 		
0x0232	0x2051      	CALL       _SETFUN32
;__Lib_MathDouble.c,984 :: 		
DIV32EEE:
;__Lib_MathDouble.c,985 :: 		
0x0233	0x0000      	NOP
;__Lib_MathDouble.c,994 :: 		
L_end_Div_32x32_FP:
0x0234	0x0008      	RETURN
; end of _Div_32x32_FP
___CC2DW:
;__Lib_System.c,134 :: 		
;__Lib_System.c,137 :: 		
_CC2D_Loop1:
;__Lib_System.c,139 :: 		
0x0235	0x20D1      	CALL       _____DoICP
0x0236	0x118A      	BCF        PCLATH, 3
0x0237	0x120A      	BCF        PCLATH, 4
;__Lib_System.c,141 :: 		
0x0238	0x0080      	MOVWF      INDF
;__Lib_System.c,142 :: 		
0x0239	0x0A84      	INCF       FSR, 1
;__Lib_System.c,143 :: 		
0x023A	0x0AB1      	INCF       ___DoICPAddr, 1
;__Lib_System.c,145 :: 		
0x023B	0x1903      	BTFSC      STATUS, 2
;__Lib_System.c,146 :: 		
0x023C	0x0AB2      	INCF       ___DoICPAddr+1, 1
;__Lib_System.c,147 :: 		
0x023D	0x03F0      	DECF       R0, 1
;__Lib_System.c,149 :: 		
0x023E	0x1D03      	BTFSS      STATUS, 2
;__Lib_System.c,150 :: 		
0x023F	0x2A35      	GOTO       _CC2D_Loop1
;__Lib_System.c,152 :: 		
L_end___CC2DW:
0x0240	0x0008      	RETURN
; end of ___CC2DW
_ADC_Read:
;__Lib_ADC_A_C.c,68 :: 		
;__Lib_ADC_A_C.c,70 :: 		
0x0241	0x1283      	BCF        STATUS, 5
0x0242	0x1303      	BCF        STATUS, 6
0x0243	0x019F      	CLRF       ADCON0
;__Lib_ADC_A_C.c,71 :: 		
0x0244	0x30C0      	MOVLW      192
0x0245	0x049F      	IORWF      ADCON0, 1
;__Lib_ADC_A_C.c,72 :: 		
0x0246	0x0930      	COMF       _vref_mask, 0
0x0247	0x00F0      	MOVWF      R0
0x0248	0x0870      	MOVF       R0, 0
0x0249	0x1683      	BSF        STATUS, 5
0x024A	0x059F      	ANDWF      ADCON1, 1
;__Lib_ADC_A_C.c,73 :: 		
0x024B	0x171F      	BSF        ADCON1, 6
;__Lib_ADC_A_C.c,74 :: 		
0x024C	0x179F      	BSF        ADCON1, 7
;__Lib_ADC_A_C.c,75 :: 		
0x024D	0x1283      	BCF        STATUS, 5
0x024E	0x083E      	MOVF       FARG_ADC_Read_channel, 0
0x024F	0x00F0      	MOVWF      R0
0x0250	0x0DF0      	RLF        R0, 1
0x0251	0x1070      	BCF        R0, 0
0x0252	0x0DF0      	RLF        R0, 1
0x0253	0x1070      	BCF        R0, 0
0x0254	0x0DF0      	RLF        R0, 1
0x0255	0x1070      	BCF        R0, 0
0x0256	0x0870      	MOVF       R0, 0
0x0257	0x049F      	IORWF      ADCON0, 1
;__Lib_ADC_A_C.c,78 :: 		
0x0258	0x141F      	BSF        ADCON0, 0
;__Lib_ADC_A_C.c,81 :: 		
0x0259	0x20AC      	CALL       _Delay_22us
;__Lib_ADC_A_C.c,84 :: 		
0x025A	0x151F      	BSF        ADCON0, 2
;__Lib_ADC_A_C.c,87 :: 		
L_ADC_Read2:
0x025B	0x1D1F      	BTFSS      ADCON0, 2
0x025C	0x2A5F      	GOTO       L_ADC_Read3
;__Lib_ADC_A_C.c,88 :: 		
0x025D	0x0000      	NOP
0x025E	0x2A5B      	GOTO       L_ADC_Read2
L_ADC_Read3:
;__Lib_ADC_A_C.c,91 :: 		
0x025F	0x101F      	BCF        ADCON0, 0
;__Lib_ADC_A_C.c,94 :: 		
0x0260	0x081E      	MOVF       ADRESH, 0
0x0261	0x00F1      	MOVWF      R0+1
0x0262	0x01F0      	CLRF       R0
0x0263	0x1683      	BSF        STATUS, 5
0x0264	0x081E      	MOVF       ADRESL, 0
0x0265	0x04F0      	IORWF      R0, 1
0x0266	0x3000      	MOVLW      0
0x0267	0x04F1      	IORWF      R0+1, 1
;__Lib_ADC_A_C.c,95 :: 		
L_end_ADC_Read:
0x0268	0x0008      	RETURN
; end of _ADC_Read
_word2double:
;__Lib_MathDouble.c,1862 :: 		
;__Lib_MathDouble.c,1868 :: 		
0x0269	0x1283      	BCF        STATUS, 5
;__Lib_MathDouble.c,1869 :: 		
0x026A	0x1303      	BCF        STATUS, 6
;__Lib_MathDouble.c,1870 :: 		
0x026B	0x0870      	MOVF       R0, 0
;__Lib_MathDouble.c,1871 :: 		
0x026C	0x00F8      	MOVWF      R8
;__Lib_MathDouble.c,1872 :: 		
0x026D	0x0871      	MOVF       R1, 0
;__Lib_MathDouble.c,1873 :: 		
0x026E	0x00F0      	MOVWF      R0
;__Lib_MathDouble.c,1874 :: 		
0x026F	0x01F1      	CLRF       R1
;__Lib_MathDouble.c,1875 :: 		
0x0270	0x01F2      	CLRF       R2
;__Lib_MathDouble.c,1876 :: 		
0x0271	0x01F3      	CLRF       R3
;__Lib_MathDouble.c,1879 :: 		
0x0272	0x01FB      	CLRF       R11
;__Lib_MathDouble.c,1880 :: 		
0x0273	0x01FC      	CLRF       R12
;__Lib_MathDouble.c,1882 :: 		
0x0274	0x3096      	MOVLW      150
;__Lib_MathDouble.c,1883 :: 		
0x0275	0x00F3      	MOVWF      R3
;__Lib_MathDouble.c,1884 :: 		
0x0276	0x01FA      	CLRF       R10
;__Lib_MathDouble.c,1886 :: 		
0x0277	0x0870      	MOVF       R0, 0
;__Lib_MathDouble.c,1887 :: 		
0x0278	0x00F1      	MOVWF      R1
;__Lib_MathDouble.c,1888 :: 		
0x0279	0x0878      	MOVF       R8, 0
;__Lib_MathDouble.c,1889 :: 		
0x027A	0x00F0      	MOVWF      R0
;__Lib_MathDouble.c,1890 :: 		
0x027B	0x01F8      	CLRF       R8
;__Lib_MathDouble.c,1891 :: 		
0x027C	0x01F2      	CLRF       R2
;__Lib_MathDouble.c,1893 :: 		
0x027D	0x2071      	CALL       _NRM3232
;__Lib_MathDouble.c,1894 :: 		
L_end_word2double:
0x027E	0x0008      	RETURN
; end of _word2double
_main:
0x027F	0x2320      	CALL       800
;Termometro_Finalizado.c,50 :: 		void main ()
;Termometro_Finalizado.c,52 :: 		INTCON.GIE=1;
0x0280	0x178B      	BSF        INTCON, 7
;Termometro_Finalizado.c,53 :: 		INTCON.PEIE=0;
0x0281	0x130B      	BCF        INTCON, 6
;Termometro_Finalizado.c,54 :: 		INTCON.INTE=1;
0x0282	0x160B      	BSF        INTCON, 4
;Termometro_Finalizado.c,55 :: 		INTCON.INTF=0;
0x0283	0x108B      	BCF        INTCON, 1
;Termometro_Finalizado.c,56 :: 		TRISB.RB0=1; //CONFIGURA RB0 COMO ENTRADA
0x0284	0x1683      	BSF        STATUS, 5
0x0285	0x1303      	BCF        STATUS, 6
0x0286	0x1406      	BSF        TRISB, 0
;Termometro_Finalizado.c,57 :: 		PORTB.RB0=1; //NÍVEL 1 PARA PULL-UP
0x0287	0x1283      	BCF        STATUS, 5
0x0288	0x1406      	BSF        PORTB, 0
;Termometro_Finalizado.c,58 :: 		TRISD=0;
0x0289	0x1683      	BSF        STATUS, 5
0x028A	0x0188      	CLRF       TRISD
;Termometro_Finalizado.c,59 :: 		PORTD=0;
0x028B	0x1283      	BCF        STATUS, 5
0x028C	0x0188      	CLRF       PORTD
;Termometro_Finalizado.c,60 :: 		TRISC=0;
0x028D	0x1683      	BSF        STATUS, 5
0x028E	0x0187      	CLRF       TRISC
;Termometro_Finalizado.c,61 :: 		PORTC=0;
0x028F	0x1283      	BCF        STATUS, 5
0x0290	0x0187      	CLRF       PORTC
;Termometro_Finalizado.c,62 :: 		TRISA.RA0=1;
0x0291	0x1683      	BSF        STATUS, 5
0x0292	0x1405      	BSF        TRISA, 0
;Termometro_Finalizado.c,63 :: 		INTCON.TMR0IE = 0; //Habilita interrupção do TMR0.
0x0293	0x128B      	BCF        INTCON, 5
;Termometro_Finalizado.c,64 :: 		TMR0 = 6; // TIMER0 inicia com o valor 0.
0x0294	0x3006      	MOVLW      6
0x0295	0x1283      	BCF        STATUS, 5
0x0296	0x0081      	MOVWF      TMR0
;Termometro_Finalizado.c,65 :: 		OPTION_REG = 0b10000001; // Modo Temporizador, prescaler 1:4. Tempo =0,5us * 4 * (256-3) = 0,5ms
0x0297	0x3081      	MOVLW      129
0x0298	0x1683      	BSF        STATUS, 5
0x0299	0x0081      	MOVWF      OPTION_REG
;Termometro_Finalizado.c,68 :: 		while (1)
L_main9:
;Termometro_Finalizado.c,71 :: 		leitura_AD = adc_read (0);
0x029A	0x1283      	BCF        STATUS, 5
0x029B	0x01BE      	CLRF       FARG_ADC_Read_channel
0x029C	0x2241      	CALL       _ADC_Read
0x029D	0x0870      	MOVF       R0, 0
0x029E	0x1283      	BCF        STATUS, 5
0x029F	0x00B6      	MOVWF      _leitura_AD
0x02A0	0x0871      	MOVF       R0+1, 0
0x02A1	0x00B7      	MOVWF      _leitura_AD+1
;Termometro_Finalizado.c,72 :: 		x = (leitura_AD/2.048);
0x02A2	0x2269      	CALL       _word2double
0x02A3	0x306F      	MOVLW      111
0x02A4	0x00F4      	MOVWF      R4
0x02A5	0x3012      	MOVLW      18
0x02A6	0x00F5      	MOVWF      R4+1
0x02A7	0x3003      	MOVLW      3
0x02A8	0x00F6      	MOVWF      R4+2
0x02A9	0x3080      	MOVLW      128
0x02AA	0x00F7      	MOVWF      R4+3
0x02AB	0x217E      	CALL       _Div_32x32_FP
0x02AC	0x20D8      	CALL       _double2word
0x02AD	0x0870      	MOVF       R0, 0
0x02AE	0x00BA      	MOVWF      _x
0x02AF	0x0871      	MOVF       R0+1, 0
0x02B0	0x00BB      	MOVWF      _x+1
;Termometro_Finalizado.c,74 :: 		if (x >= 0 && x < 24)
0x02B1	0x3000      	MOVLW      0
0x02B2	0x0271      	SUBWF      R0+1, 0
0x02B3	0x1D03      	BTFSS      STATUS, 2
0x02B4	0x2AB7      	GOTO       L__main41
0x02B5	0x3000      	MOVLW      0
0x02B6	0x0270      	SUBWF      R0, 0
L__main41:
0x02B7	0x1C03      	BTFSS      STATUS, 0
0x02B8	0x2AC5      	GOTO       L_main13
0x02B9	0x3000      	MOVLW      0
0x02BA	0x023B      	SUBWF      _x+1, 0
0x02BB	0x1D03      	BTFSS      STATUS, 2
0x02BC	0x2ABF      	GOTO       L__main42
0x02BD	0x3018      	MOVLW      24
0x02BE	0x023A      	SUBWF      _x, 0
L__main42:
0x02BF	0x1803      	BTFSC      STATUS, 0
0x02C0	0x2AC5      	GOTO       L_main13
L__main34:
;Termometro_Finalizado.c,76 :: 		PORTC=0;
0x02C1	0x0187      	CLRF       PORTC
;Termometro_Finalizado.c,77 :: 		PORTC.RC0 = 1;
0x02C2	0x1407      	BSF        PORTC, 0
;Termometro_Finalizado.c,78 :: 		INTCON.TMR0IE=0;
0x02C3	0x128B      	BCF        INTCON, 5
;Termometro_Finalizado.c,79 :: 		}
0x02C4	0x2B02      	GOTO       L_main14
L_main13:
;Termometro_Finalizado.c,83 :: 		if (x >= 25 && x <= 28)
0x02C5	0x3000      	MOVLW      0
0x02C6	0x023B      	SUBWF      _x+1, 0
0x02C7	0x1D03      	BTFSS      STATUS, 2
0x02C8	0x2ACB      	GOTO       L__main43
0x02C9	0x3019      	MOVLW      25
0x02CA	0x023A      	SUBWF      _x, 0
L__main43:
0x02CB	0x1C03      	BTFSS      STATUS, 0
0x02CC	0x2AD9      	GOTO       L_main17
0x02CD	0x083B      	MOVF       _x+1, 0
0x02CE	0x3C00      	SUBLW      0
0x02CF	0x1D03      	BTFSS      STATUS, 2
0x02D0	0x2AD3      	GOTO       L__main44
0x02D1	0x083A      	MOVF       _x, 0
0x02D2	0x3C1C      	SUBLW      28
L__main44:
0x02D3	0x1C03      	BTFSS      STATUS, 0
0x02D4	0x2AD9      	GOTO       L_main17
L__main33:
;Termometro_Finalizado.c,85 :: 		PORTC=0;
0x02D5	0x0187      	CLRF       PORTC
;Termometro_Finalizado.c,86 :: 		PORTC.RC1 = 1;
0x02D6	0x1487      	BSF        PORTC, 1
;Termometro_Finalizado.c,87 :: 		INTCON.TMR0IE=0;
0x02D7	0x128B      	BCF        INTCON, 5
;Termometro_Finalizado.c,88 :: 		}
0x02D8	0x2B02      	GOTO       L_main18
L_main17:
;Termometro_Finalizado.c,92 :: 		if (x >= 29 && x <= 31)
0x02D9	0x3000      	MOVLW      0
0x02DA	0x023B      	SUBWF      _x+1, 0
0x02DB	0x1D03      	BTFSS      STATUS, 2
0x02DC	0x2ADF      	GOTO       L__main45
0x02DD	0x301D      	MOVLW      29
0x02DE	0x023A      	SUBWF      _x, 0
L__main45:
0x02DF	0x1C03      	BTFSS      STATUS, 0
0x02E0	0x2AED      	GOTO       L_main21
0x02E1	0x083B      	MOVF       _x+1, 0
0x02E2	0x3C00      	SUBLW      0
0x02E3	0x1D03      	BTFSS      STATUS, 2
0x02E4	0x2AE7      	GOTO       L__main46
0x02E5	0x083A      	MOVF       _x, 0
0x02E6	0x3C1F      	SUBLW      31
L__main46:
0x02E7	0x1C03      	BTFSS      STATUS, 0
0x02E8	0x2AED      	GOTO       L_main21
L__main32:
;Termometro_Finalizado.c,94 :: 		PORTC=0;
0x02E9	0x0187      	CLRF       PORTC
;Termometro_Finalizado.c,95 :: 		PORTC.RC2 = 1;
0x02EA	0x1507      	BSF        PORTC, 2
;Termometro_Finalizado.c,96 :: 		INTCON.TMR0IE=0;
0x02EB	0x128B      	BCF        INTCON, 5
;Termometro_Finalizado.c,97 :: 		}
0x02EC	0x2B02      	GOTO       L_main22
L_main21:
;Termometro_Finalizado.c,101 :: 		if (x > 31 && x <=100)
0x02ED	0x083B      	MOVF       _x+1, 0
0x02EE	0x3C00      	SUBLW      0
0x02EF	0x1D03      	BTFSS      STATUS, 2
0x02F0	0x2AF3      	GOTO       L__main47
0x02F1	0x083A      	MOVF       _x, 0
0x02F2	0x3C1F      	SUBLW      31
L__main47:
0x02F3	0x1803      	BTFSC      STATUS, 0
0x02F4	0x2B01      	GOTO       L_main25
0x02F5	0x083B      	MOVF       _x+1, 0
0x02F6	0x3C00      	SUBLW      0
0x02F7	0x1D03      	BTFSS      STATUS, 2
0x02F8	0x2AFB      	GOTO       L__main48
0x02F9	0x083A      	MOVF       _x, 0
0x02FA	0x3C64      	SUBLW      100
L__main48:
0x02FB	0x1C03      	BTFSS      STATUS, 0
0x02FC	0x2B01      	GOTO       L_main25
L__main31:
;Termometro_Finalizado.c,103 :: 		PORTC=0;
0x02FD	0x0187      	CLRF       PORTC
;Termometro_Finalizado.c,104 :: 		PORTC.RC3 = 1;
0x02FE	0x1587      	BSF        PORTC, 3
;Termometro_Finalizado.c,105 :: 		INTCON.TMR0IE = 1;
0x02FF	0x168B      	BSF        INTCON, 5
;Termometro_Finalizado.c,106 :: 		}
0x0300	0x2B02      	GOTO       L_main26
L_main25:
;Termometro_Finalizado.c,109 :: 		INTCON.TMR0IE=0;
0x0301	0x128B      	BCF        INTCON, 5
;Termometro_Finalizado.c,110 :: 		}
L_main26:
;Termometro_Finalizado.c,111 :: 		}
L_main22:
;Termometro_Finalizado.c,112 :: 		}
L_main18:
;Termometro_Finalizado.c,114 :: 		}
L_main14:
;Termometro_Finalizado.c,115 :: 		for (cnt=0; cnt<5; cnt++)
0x0302	0x01B5      	CLRF       _cnt
L_main27:
0x0303	0x3005      	MOVLW      5
0x0304	0x0235      	SUBWF      _cnt, 0
0x0305	0x1803      	BTFSC      STATUS, 0
0x0306	0x2B0B      	GOTO       L_main28
;Termometro_Finalizado.c,117 :: 		display_dezena ();
0x0307	0x215C      	CALL       _display_dezena
;Termometro_Finalizado.c,118 :: 		display_unidade ();
0x0308	0x2137      	CALL       _display_unidade
;Termometro_Finalizado.c,115 :: 		for (cnt=0; cnt<5; cnt++)
0x0309	0x0AB5      	INCF       _cnt, 1
;Termometro_Finalizado.c,119 :: 		}
0x030A	0x2B03      	GOTO       L_main27
L_main28:
;Termometro_Finalizado.c,120 :: 		}
0x030B	0x2A9A      	GOTO       L_main9
;Termometro_Finalizado.c,121 :: 		}
L_end_main:
0x030C	0x2B0C      	GOTO       $+0
; end of _main
0x0320	0x3024      	MOVLW      36
0x0321	0x0084      	MOVWF      FSR
0x0322	0x300D      	MOVLW      13
0x0323	0x1283      	BCF        STATUS, 5
0x0324	0x1303      	BCF        STATUS, 6
0x0325	0x00F0      	MOVWF      R0
0x0326	0x3012      	MOVLW      18
0x0327	0x00B1      	MOVWF      ___DoICPAddr
0x0328	0x3003      	MOVLW      3
0x0329	0x00B2      	MOVWF      50
0x032A	0x2235      	CALL       565
0x032B	0x0008      	RETURN
;Termometro_Finalizado.c,0 :: ?ICS_trava
0x0312	0x3400 ;?ICS_trava+0
0x0313	0x3400 ;?ICS_trava+1
; end of ?ICS_trava
;Termometro_Finalizado.c,0 :: ?ICS_Texto
0x0314	0x343F ;?ICS_Texto+0
0x0315	0x3406 ;?ICS_Texto+1
0x0316	0x345B ;?ICS_Texto+2
0x0317	0x344F ;?ICS_Texto+3
0x0318	0x3466 ;?ICS_Texto+4
0x0319	0x346D ;?ICS_Texto+5
0x031A	0x347D ;?ICS_Texto+6
0x031B	0x3407 ;?ICS_Texto+7
0x031C	0x347F ;?ICS_Texto+8
0x031D	0x346F ;?ICS_Texto+9
; end of ?ICS_Texto
;__Lib_ADC_A_C.c,0 :: ?ICS_vref_mask
0x031E	0x340F ;?ICS_vref_mask+0
; end of ?ICS_vref_mask
Symbol List:
//** Routines locations **
//ADDRESS    SIZE    PROCEDURE
//----------------------------------------------
0x0004      [70]    _interrupt
0x004A       [7]    _RES032
0x0051      [12]    _SETFUN32
0x005D       [4]    _FIXSIGN32
0x0061      [13]    _SETIOV3224
0x006E       [3]    _SETFDZ32
0x0071      [47]    _NRM3232
0x00A0      [12]    _SETFOV32
0x00AC       [8]    _Delay_22us
0x00B4      [29]    _Div_16X16_U
0x00D1       [7]    _____DoICP
0x00D8      [95]    _double2word
0x0137      [37]    _display_unidade
0x015C      [34]    _display_dezena
0x017E     [183]    _Div_32x32_FP
0x0235      [12]    ___CC2DW
0x0241      [40]    _ADC_Read
0x0269      [22]    _word2double
0x027F     [141]    _main
//** Variables locations ** 
//ADDRESS    SIZE    VARIABLE
//----------------------------------------------
0x0000       [1]    INDF
0x0001       [1]    TMR0
0x0002       [1]    PCL
0x0003       [1]    STATUS
0x0004       [1]    FSR
0x0006       [1]    PORTB
0x0007       [1]    PORTC
0x0008       [1]    PORTD
0x000A       [1]    PCLATH
0x000B       [1]    INTCON
0x001E       [1]    ADRESH
0x001F       [1]    ADCON0
0x0020       [1]    __math_tempbD
0x0024       [2]    _trava
0x0026      [10]    _Texto
0x0030       [1]    _vref_mask
0x0031       [2]    ___DoICPAddr
0x0033       [2]    _uni
0x0035       [1]    _cnt
0x0036       [2]    _leitura_AD
0x0038       [2]    _dez
0x003A       [2]    _x
0x003C       [1]    ___saveSTATUS
0x003D       [1]    ___savePCLATH
0x003E       [1]    FARG_ADC_Read_channel
0x0070       [1]    R0
0x0071       [1]    R1
0x0072       [1]    R2
0x0073       [1]    R3
0x0074       [1]    R4
0x0075       [1]    R5
0x0076       [1]    R6
0x0077       [1]    R7
0x0078       [1]    R8
0x0079       [1]    R9
0x007A       [1]    R10
0x007B       [1]    R11
0x007C       [1]    R12
0x007D       [1]    R13
0x007E       [1]    R14
0x007F       [1]    R15
0x0081       [1]    OPTION_REG
0x0085       [1]    TRISA
0x0086       [1]    TRISB
0x0087       [1]    TRISC
0x0088       [1]    TRISD
0x009E       [1]    ADRESL
0x009F       [1]    ADCON1
//** Constants locations ** 
//ADDRESS    SIZE    CONSTANT
//----------------------------------------------
0x0312       [2]    ?ICS_trava
0x0314      [10]    ?ICS_Texto
0x031E       [1]    ?ICS_vref_mask
